<?xml version="1.0" encoding="UTF-8"?>
<!-- Generated by org.testng.reporters.JUnitReportReporter -->
<testsuite skipped="0" hostname="LAPTOP-C3PMCVEI" name="com.stringproblem.TestStringProblem" tests="9" failures="0" timestamp="7 Dec 2016 05:17:14 GMT" time="0.022" errors="0">
  <testcase name="testStringWithOneChar" time="0.001" classname="com.stringproblem.TestStringProblem"/>
  <testcase name="testStringWithSpecialChar" time="0.002" classname="com.stringproblem.TestStringProblem"/>
  <testcase name="testString" time="0.002" classname="com.stringproblem.TestStringProblem"/>
  <testcase name="testStringNoCharPresent" time="0.001" classname="com.stringproblem.TestStringProblem"/>
  <testcase name="testStringWithSameChar" time="0.000" classname="com.stringproblem.TestStringProblem"/>
  <testcase name="testStringWithBlankCharReplace" time="0.000" classname="com.stringproblem.TestStringProblem"/>
  <testcase name="testStringWithBlankChar" time="0.001" classname="com.stringproblem.TestStringProblem"/>
  <testcase name="testStringWithNoChar" time="0.002" classname="com.stringproblem.TestStringProblem"/>
  <testcase name="testNullString" time="0.013" classname="com.stringproblem.TestStringProblem"/>
</testsuite> <!-- com.stringproblem.TestStringProblem -->
